OptiPNG version 0.7.6
Copyright (C) 2001-2016 Cosmin Truta and the Contributing Authors.

** Processing: map16-191106-0648.png
16384x16384 pixels, 3x8 bits/pixel, RGB
Reducing image to 8 bits/pixel, 65 colors in palette
Input IDAT size = 61899679 bytes
Input file size = 61990429 bytes

Trying:
  zc = 9  zm = 8  zs = 0  f = 0		IDAT size = 27303725
  zc = 9  zm = 8  zs = 1  f = 0		IDAT size = 26980182
  zc = 1  zm = 8  zs = 2  f = 0		IDAT too big
  zc = 9  zm = 8  zs = 3  f = 0		IDAT too big
  zc = 9  zm = 8  zs = 0  f = 5		IDAT too big
  zc = 9  zm = 8  zs = 1  f = 5		IDAT too big
  zc = 1  zm = 8  zs = 2  f = 5		IDAT too big
  zc = 9  zm = 8  zs = 3  f = 5		IDAT too big

Selecting parameters:
  zc = 9  zm = 8  zs = 1  f = 0		IDAT size = 26980182

Output IDAT size = 26980182 bytes (34919497 bytes decrease)
Output file size = 26980467 bytes (35009962 bytes = 56.48% decrease)

** Status report
1 file(s) have been processed.
