OptiPNG version 0.7.6
Copyright (C) 2001-2016 Cosmin Truta and the Contributing Authors.

** Processing: map18-191105-2340.png
10240x10240 pixels, 3x8 bits/pixel, RGB
Input IDAT size = 17794163 bytes
Input file size = 17820305 bytes

Trying:
  zc = 9  zm = 8  zs = 0  f = 0		IDAT size = 12051099
  zc = 9  zm = 8  zs = 1  f = 0		IDAT too big
  zc = 1  zm = 8  zs = 2  f = 0		IDAT too big
  zc = 9  zm = 8  zs = 3  f = 0		IDAT too big
  zc = 9  zm = 8  zs = 0  f = 5		IDAT too big
  zc = 9  zm = 8  zs = 1  f = 5		IDAT too big
  zc = 1  zm = 8  zs = 2  f = 5		IDAT too big
  zc = 9  zm = 8  zs = 3  f = 5		IDAT too big

Selecting parameters:
  zc = 9  zm = 8  zs = 0  f = 0		IDAT size = 12051099

Output IDAT size = 12051099 bytes (5743064 bytes decrease)
Output file size = 12051177 bytes (5769128 bytes = 32.37% decrease)

** Status report
1 file(s) have been processed.
