OptiPNG version 0.7.6
Copyright (C) 2001-2016 Cosmin Truta and the Contributing Authors.

** Processing: map18-191105-2300.png
10240x10240 pixels, 3x8 bits/pixel, RGB
Reducing image to 1 bit/pixel, 2 colors in palette
Input IDAT size = 329527 bytes
Input file size = 330085 bytes

Trying:
  zc = 9  zm = 8  zs = 0  f = 0		IDAT size = 26075
  zc = 9  zm = 8  zs = 1  f = 0		IDAT size = 26071
  zc = 1  zm = 8  zs = 2  f = 0		IDAT too big
  zc = 9  zm = 8  zs = 3  f = 0		IDAT too big
  zc = 9  zm = 8  zs = 0  f = 5		IDAT too big
  zc = 9  zm = 8  zs = 1  f = 5		IDAT too big
  zc = 1  zm = 8  zs = 2  f = 5		IDAT too big
  zc = 9  zm = 8  zs = 3  f = 5		IDAT too big

Selecting parameters:
  zc = 9  zm = 8  zs = 1  f = 0		IDAT size = 26071

Output IDAT size = 26071 bytes (303456 bytes decrease)
Output file size = 26167 bytes (303918 bytes = 92.07% decrease)

** Status report
1 file(s) have been processed.
