OptiPNG version 0.7.6
Copyright (C) 2001-2016 Cosmin Truta and the Contributing Authors.

** Processing: map14-191106-1756.png
16384x16384 pixels, 3x8 bits/pixel, RGB
Reducing image to 8 bits/pixel, 65 colors in palette
Input IDAT size = 54018115 bytes
Input file size = 54097321 bytes

Trying:
  zc = 9  zm = 8  zs = 0  f = 0		IDAT size = 24958701
  zc = 9  zm = 8  zs = 1  f = 0		IDAT size = 24719205
  zc = 1  zm = 8  zs = 2  f = 0		IDAT too big
  zc = 9  zm = 8  zs = 3  f = 0		IDAT too big
  zc = 9  zm = 8  zs = 0  f = 5		IDAT too big
  zc = 9  zm = 8  zs = 1  f = 5		IDAT too big
  zc = 1  zm = 8  zs = 2  f = 5		IDAT too big
  zc = 9  zm = 8  zs = 3  f = 5		IDAT too big

Selecting parameters:
  zc = 9  zm = 8  zs = 1  f = 0		IDAT size = 24719205

Output IDAT size = 24719205 bytes (29298910 bytes decrease)
Output file size = 24719490 bytes (29377831 bytes = 54.31% decrease)

** Status report
1 file(s) have been processed.
