OptiPNG version 0.7.6
Copyright (C) 2001-2016 Cosmin Truta and the Contributing Authors.

** Processing: map18-191106-0002.png
10240x10240 pixels, 3x8 bits/pixel, RGB
Reducing image to 8 bits/pixel, 65 colors in palette
Input IDAT size = 8730663 bytes
Input file size = 8743521 bytes

Trying:
  zc = 9  zm = 8  zs = 0  f = 0		IDAT size = 3835002
  zc = 9  zm = 8  zs = 1  f = 0		IDAT size = 3800851
  zc = 1  zm = 8  zs = 2  f = 0		IDAT too big
  zc = 9  zm = 8  zs = 3  f = 0		IDAT too big
  zc = 9  zm = 8  zs = 0  f = 5		IDAT too big
  zc = 9  zm = 8  zs = 1  f = 5		IDAT too big
  zc = 1  zm = 8  zs = 2  f = 5		IDAT too big
  zc = 9  zm = 8  zs = 3  f = 5		IDAT too big

Selecting parameters:
  zc = 9  zm = 8  zs = 1  f = 0		IDAT size = 3800851

Output IDAT size = 3800851 bytes (4929812 bytes decrease)
Output file size = 3801136 bytes (4942385 bytes = 56.53% decrease)

** Status report
1 file(s) have been processed.
