OptiPNG version 0.7.6
Copyright (C) 2001-2016 Cosmin Truta and the Contributing Authors.

** Processing: map17-191106-0211.png
16384x16384 pixels, 3x8 bits/pixel, RGB
Reducing image to 8 bits/pixel, 65 colors in palette
Input IDAT size = 30411822 bytes
Input file size = 30456444 bytes

Trying:
  zc = 9  zm = 8  zs = 0  f = 0		IDAT size = 13286633
  zc = 9  zm = 8  zs = 1  f = 0		IDAT size = 13198091
  zc = 1  zm = 8  zs = 2  f = 0		IDAT too big
  zc = 9  zm = 8  zs = 3  f = 0		IDAT too big
  zc = 9  zm = 8  zs = 0  f = 5		IDAT too big
  zc = 9  zm = 8  zs = 1  f = 5		IDAT too big
  zc = 1  zm = 8  zs = 2  f = 5		IDAT too big
  zc = 9  zm = 8  zs = 3  f = 5		IDAT too big

Selecting parameters:
  zc = 9  zm = 8  zs = 1  f = 0		IDAT size = 13198091

Output IDAT size = 13198091 bytes (17213731 bytes decrease)
Output file size = 13198376 bytes (17258068 bytes = 56.66% decrease)

** Status report
1 file(s) have been processed.
