OptiPNG version 0.7.6
Copyright (C) 2001-2016 Cosmin Truta and the Contributing Authors.

** Processing: map18-191105-2348.png
10240x10240 pixels, 3x8 bits/pixel, RGB
Input IDAT size = 36559684 bytes
Input file size = 36613306 bytes

Trying:
  zc = 9  zm = 8  zs = 0  f = 0		IDAT size = 24312934
  zc = 9  zm = 8  zs = 1  f = 0		IDAT too big
  zc = 1  zm = 8  zs = 2  f = 0		IDAT too big
  zc = 9  zm = 8  zs = 3  f = 0		IDAT too big
  zc = 9  zm = 8  zs = 0  f = 5		IDAT too big
  zc = 9  zm = 8  zs = 1  f = 5		IDAT too big
  zc = 1  zm = 8  zs = 2  f = 5		IDAT too big
  zc = 9  zm = 8  zs = 3  f = 5		IDAT too big

Selecting parameters:
  zc = 9  zm = 8  zs = 0  f = 0		IDAT size = 24312934

Output IDAT size = 24312934 bytes (12246750 bytes decrease)
Output file size = 24313012 bytes (12300294 bytes = 33.60% decrease)

** Status report
1 file(s) have been processed.
