OptiPNG version 0.7.6
Copyright (C) 2001-2016 Cosmin Truta and the Contributing Authors.

** Processing: map18-191106-0114.png
16384x16384 pixels, 3x8 bits/pixel, RGB
Reducing image to 8 bits/pixel, 65 colors in palette
Input IDAT size = 21068566 bytes
Input file size = 21099496 bytes

Trying:
  zc = 9  zm = 8  zs = 0  f = 0		IDAT size = 8934308
  zc = 9  zm = 8  zs = 1  f = 0		IDAT size = 8840564
  zc = 1  zm = 8  zs = 2  f = 0		IDAT too big
  zc = 9  zm = 8  zs = 3  f = 0		IDAT too big
  zc = 9  zm = 8  zs = 0  f = 5		IDAT too big
  zc = 9  zm = 8  zs = 1  f = 5		IDAT too big
  zc = 1  zm = 8  zs = 2  f = 5		IDAT too big
  zc = 9  zm = 8  zs = 3  f = 5		IDAT too big

Selecting parameters:
  zc = 9  zm = 8  zs = 1  f = 0		IDAT size = 8840564

Output IDAT size = 8840564 bytes (12228002 bytes decrease)
Output file size = 8840849 bytes (12258647 bytes = 58.10% decrease)

** Status report
1 file(s) have been processed.
