OptiPNG version 0.7.6
Copyright (C) 2001-2016 Cosmin Truta and the Contributing Authors.

** Processing: map18-191106-0019.png
10240x10240 pixels, 3x8 bits/pixel, RGB
Input IDAT size = 17386778 bytes
Input file size = 17412320 bytes

Trying:
  zc = 9  zm = 8  zs = 0  f = 0		IDAT size = 12851505
  zc = 9  zm = 8  zs = 1  f = 0		IDAT too big
  zc = 1  zm = 8  zs = 2  f = 0		IDAT too big
  zc = 9  zm = 8  zs = 3  f = 0		IDAT too big
  zc = 9  zm = 8  zs = 0  f = 5		IDAT too big
  zc = 9  zm = 8  zs = 1  f = 5		IDAT too big
  zc = 1  zm = 8  zs = 2  f = 5		IDAT too big
  zc = 9  zm = 8  zs = 3  f = 5		IDAT too big

Selecting parameters:
  zc = 9  zm = 8  zs = 0  f = 0		IDAT size = 12851505

Output IDAT size = 12851505 bytes (4535273 bytes decrease)
Output file size = 12851583 bytes (4560737 bytes = 26.19% decrease)

** Status report
1 file(s) have been processed.
