OptiPNG version 0.7.6
Copyright (C) 2001-2016 Cosmin Truta and the Contributing Authors.

** Processing: map17-191106-1802.png
14336x14336 pixels, 3x8 bits/pixel, RGB
Reducing image to 8 bits/pixel, 65 colors in palette
Input IDAT size = 23603772 bytes
Input file size = 23638422 bytes

Trying:
  zc = 9  zm = 8  zs = 0  f = 0		IDAT size = 10182424
  zc = 9  zm = 8  zs = 1  f = 0		IDAT size = 10118899
  zc = 1  zm = 8  zs = 2  f = 0		IDAT too big
  zc = 9  zm = 8  zs = 3  f = 0		IDAT too big
  zc = 9  zm = 8  zs = 0  f = 5		IDAT too big
  zc = 9  zm = 8  zs = 1  f = 5		IDAT too big
  zc = 1  zm = 8  zs = 2  f = 5		IDAT too big
  zc = 9  zm = 8  zs = 3  f = 5		IDAT too big

Selecting parameters:
  zc = 9  zm = 8  zs = 1  f = 0		IDAT size = 10118899

Output IDAT size = 10118899 bytes (13484873 bytes decrease)
Output file size = 10119184 bytes (13519238 bytes = 57.19% decrease)

** Status report
1 file(s) have been processed.
